# JRE version: Java(TM) SE Runtime Environment (8.0_201-b09) (build 1.8.0_201-b09)
# Java VM: Java HotSpot(TM) 64-Bit Server VM (25.201-b09 mixed mode linux-amd64 compressed oops)
Heap:
 PSYoungGen      total 74240K, used 35916K [0x0000000781f80000, 0x0000000787480000, 0x00000007c0000000)
  eden space 66560K, 43% used [0x0000000781f80000,0x0000000783b750c8,0x0000000786080000)
  from space 7680K, 94% used [0x0000000786380000,0x0000000786a9e208,0x0000000786b00000)
  to   space 9728K, 0% used [0x0000000786b00000,0x0000000786b00000,0x0000000787480000)
 ParOldGen       total 119296K, used 15974K [0x0000000705e00000, 0x000000070d280000, 0x0000000781f80000)
  object space 119296K, 13% used [0x0000000705e00000,0x0000000706d998d8,0x000000070d280000)
 Metaspace       used 64345K, capacity 68360K, committed 68608K, reserved 1110016K
  class space    used 8168K, capacity 8843K, committed 8960K, reserved 1048576K
GC Heap History (10 events):
Event: 160716,130 GC heap before
{Heap before GC invocations=180 (full 11):
 PSYoungGen      total 73216K, used 66560K [0x0000000781f80000, 0x0000000786d80000, 0x00000007c0000000)
  eden space 66560K, 100% used [0x0000000781f80000,0x0000000786080000,0x0000000786080000)
  from space 6656K, 0% used [0x0000000786700000,0x0000000786700000,0x0000000786d80000)
  to   space 6656K, 0% used [0x0000000786080000,0x0000000786080000,0x0000000786700000)
 ParOldGen       total 119296K, used 14395K [0x0000000705e00000, 0x000000070d280000, 0x0000000781f80000)
  object space 119296K, 12% used [0x0000000705e00000,0x0000000706c0ee08,0x000000070d280000)
 Metaspace       used 61844K, capacity 65790K, committed 65920K, reserved 1105920K
  class space    used 7907K, capacity 8546K, committed 8576K, reserved 1048576K
Event: 160716,142 GC heap after
Heap after GC invocations=180 (full 11):
 PSYoungGen      total 73216K, used 4110K [0x0000000781f80000, 0x0000000787080000, 0x00000007c0000000)
  eden space 66560K, 0% used [0x0000000781f80000,0x0000000781f80000,0x0000000786080000)
  from space 6656K, 61% used [0x0000000786080000,0x0000000786483af0,0x0000000786700000)
  to   space 6656K, 0% used [0x0000000786a00000,0x0000000786a00000,0x0000000787080000)
 ParOldGen       total 119296K, used 14395K [0x0000000705e00000, 0x000000070d280000, 0x0000000781f80000)
  object space 119296K, 12% used [0x0000000705e00000,0x0000000706c0ee08,0x000000070d280000)
 Metaspace       used 61844K, capacity 65790K, committed 65920K, reserved 1105920K
  class space    used 7907K, capacity 8546K, committed 8576K, reserved 1048576K
}
Event: 160716,917 GC heap before
{Heap before GC invocations=181 (full 11):
 PSYoungGen      total 73216K, used 70670K [0x0000000781f80000, 0x0000000787080000, 0x00000007c0000000)
  eden space 66560K, 100% used [0x0000000781f80000,0x0000000786080000,0x0000000786080000)
  from space 6656K, 61% used [0x0000000786080000,0x0000000786483af0,0x0000000786700000)
  to   space 6656K, 0% used [0x0000000786a00000,0x0000000786a00000,0x0000000787080000)
 ParOldGen       total 119296K, used 14395K [0x0000000705e00000, 0x000000070d280000, 0x0000000781f80000)
  object space 119296K, 12% used [0x0000000705e00000,0x0000000706c0ee08,0x000000070d280000)
 Metaspace       used 62144K, capacity 66116K, committed 66176K, reserved 1107968K
  class space    used 7930K, capacity 8567K, committed 8576K, reserved 1048576K
Event: 160716,927 GC heap after
Heap after GC invocations=181 (full 11):
 PSYoungGen      total 75264K, used 6624K [0x0000000781f80000, 0x0000000787380000, 0x00000007c0000000)
  eden space 68608K, 0% used [0x0000000781f80000,0x0000000781f80000,0x0000000786280000)
  from space 6656K, 99% used [0x0000000786a00000,0x0000000787078030,0x0000000787080000)
  to   space 7680K, 0% used [0x0000000786280000,0x0000000786280000,0x0000000786a00000)
 ParOldGen       total 119296K, used 15522K [0x0000000705e00000, 0x000000070d280000, 0x0000000781f80000)
  object space 119296K, 13% used [0x0000000705e00000,0x0000000706d28bd8,0x000000070d280000)
 Metaspace       used 62144K, capacity 66116K, committed 66176K, reserved 1107968K
  class space    used 7930K, capacity 8567K, committed 8576K, reserved 1048576K
}
Event: 160815,530 GC heap before
{Heap before GC invocations=182 (full 11):
 PSYoungGen      total 75264K, used 75232K [0x0000000781f80000, 0x0000000787380000, 0x00000007c0000000)
  eden space 68608K, 100% used [0x0000000781f80000,0x0000000786280000,0x0000000786280000)
  from space 6656K, 99% used [0x0000000786a00000,0x0000000787078030,0x0000000787080000)
  to   space 7680K, 0% used [0x0000000786280000,0x0000000786280000,0x0000000786a00000)
 ParOldGen       total 119296K, used 15522K [0x0000000705e00000, 0x000000070d280000, 0x0000000781f80000)
  object space 119296K, 13% used [0x0000000705e00000,0x0000000706d28bd8,0x000000070d280000)
 Metaspace       used 63185K, capacity 67254K, committed 67456K, reserved 1107968K
  class space    used 8039K, capacity 8732K, committed 8832K, reserved 1048576K
Event: 160815,545 GC heap after
Heap after GC invocations=182 (full 11):
 PSYoungGen      total 76288K, used 7669K [0x0000000781f80000, 0x0000000787700000, 0x00000007c0000000)
  eden space 68608K, 0% used [0x0000000781f80000,0x0000000781f80000,0x0000000786280000)
  from space 7680K, 99% used [0x0000000786280000,0x00000007869fd400,0x0000000786a00000)
  to   space 8704K, 0% used [0x0000000786e80000,0x0000000786e80000,0x0000000787700000)
 ParOldGen       total 119296K, used 15966K [0x0000000705e00000, 0x000000070d280000, 0x0000000781f80000)
  object space 119296K, 13% used [0x0000000705e00000,0x0000000706d978d8,0x000000070d280000)
 Metaspace       used 63185K, capacity 67254K, committed 67456K, reserved 1107968K
  class space    used 8039K, capacity 8732K, committed 8832K, reserved 1048576K
}
Event: 161443,743 GC heap before
{Heap before GC invocations=183 (full 11):
 PSYoungGen      total 76288K, used 76277K [0x0000000781f80000, 0x0000000787700000, 0x00000007c0000000)
  eden space 68608K, 100% used [0x0000000781f80000,0x0000000786280000,0x0000000786280000)
  from space 7680K, 99% used [0x0000000786280000,0x00000007869fd400,0x0000000786a00000)
  to   space 8704K, 0% used [0x0000000786e80000,0x0000000786e80000,0x0000000787700000)
 ParOldGen       total 119296K, used 15966K [0x0000000705e00000, 0x000000070d280000, 0x0000000781f80000)
  object space 119296K, 13% used [0x0000000705e00000,0x0000000706d978d8,0x000000070d280000)
 Metaspace       used 64193K, capacity 68296K, committed 68608K, reserved 1110016K
  class space    used 8152K, capacity 8843K, committed 8960K, reserved 1048576K
Event: 161443,757 GC heap after
Heap after GC invocations=183 (full 11):
 PSYoungGen      total 75776K, used 8120K [0x0000000781f80000, 0x0000000787680000, 0x00000007c0000000)
  eden space 67584K, 0% used [0x0000000781f80000,0x0000000781f80000,0x0000000786180000)
  from space 8192K, 99% used [0x0000000786e80000,0x000000078766e258,0x0000000787680000)
  to   space 9728K, 0% used [0x0000000786380000,0x0000000786380000,0x0000000786d00000)
 ParOldGen       total 119296K, used 15974K [0x0000000705e00000, 0x000000070d280000, 0x0000000781f80000)
  object space 119296K, 13% used [0x0000000705e00000,0x0000000706d998d8,0x000000070d280000)
 Metaspace       used 64193K, capacity 68296K, committed 68608K, reserved 1110016K
  class space    used 8152K, capacity 8843K, committed 8960K, reserved 1048576K
}
Event: 162240,320 GC heap before
{Heap before GC invocations=184 (full 11):
 PSYoungGen      total 75776K, used 75704K [0x0000000781f80000, 0x0000000787680000, 0x00000007c0000000)
  eden space 67584K, 100% used [0x0000000781f80000,0x0000000786180000,0x0000000786180000)
  from space 8192K, 99% used [0x0000000786e80000,0x000000078766e258,0x0000000787680000)
  to   space 9728K, 0% used [0x0000000786380000,0x0000000786380000,0x0000000786d00000)
 ParOldGen       total 119296K, used 15974K [0x0000000705e00000, 0x000000070d280000, 0x0000000781f80000)
  object space 119296K, 13% used [0x0000000705e00000,0x0000000706d998d8,0x000000070d280000)
 Metaspace       used 64193K, capacity 68296K, committed 68608K, reserved 1110016K
  class space    used 8152K, capacity 8843K, committed 8960K, reserved 1048576K
Event: 162240,331 GC heap after
Heap after GC invocations=184 (full 11):
 PSYoungGen      total 74240K, used 7288K [0x0000000781f80000, 0x0000000787480000, 0x00000007c0000000)
  eden space 66560K, 0% used [0x0000000781f80000,0x0000000781f80000,0x0000000786080000)
  from space 7680K, 94% used [0x0000000786380000,0x0000000786a9e208,0x0000000786b00000)
  to   space 9728K, 0% used [0x0000000786b00000,0x0000000786b00000,0x0000000787480000)
 ParOldGen       total 119296K, used 15974K [0x0000000705e00000, 0x000000070d280000, 0x0000000781f80000)
  object space 119296K, 13% used [0x0000000705e00000,0x0000000706d998d8,0x000000070d280000)
 Metaspace       used 64193K, capacity 68296K, committed 68608K, reserved 1110016K
  class space    used 8152K, capacity 8843K, committed 8960K, reserved 1048576K
}

